Using pre-set license
Built from '2021.3/release' branch; Version is '2021.3.28f1 (232e59c3f087) revision 2305625'; Using compiler version '192829333'; Build Type 'Release'
OS: 'Windows 11  (10.0.22621) 64bit Core' Language: 'en' Physical Memory: 23967 MB
BatchMode: 1, IsHumanControllingUs: 0, StartBugReporterOnCrash: 0, Is64bit: 1, IsPro: 1

COMMAND LINE ARGUMENTS:
C:\Program Files\Unity\Hub\Editor\2021.3.28f1\Editor\Unity.exe
-adb2
-batchMode
-noUpm
-name
AssetImportWorker0
-projectPath
C:/Users/smirz/Documents/GitHub/cm2-unity1-module2-template
-logFile
Logs/AssetImportWorker0.log
-srvPort
58529
Successfully changed project path to: C:/Users/smirz/Documents/GitHub/cm2-unity1-module2-template
C:/Users/smirz/Documents/GitHub/cm2-unity1-module2-template
[UnityMemory] Configuration Parameters - Can be set up in boot.config
    "memorysetup-bucket-allocator-granularity=16"
    "memorysetup-bucket-allocator-bucket-count=8"
    "memorysetup-bucket-allocator-block-size=33554432"
    "memorysetup-bucket-allocator-block-count=8"
    "memorysetup-main-allocator-block-size=16777216"
    "memorysetup-thread-allocator-block-size=16777216"
    "memorysetup-gfx-main-allocator-block-size=16777216"
    "memorysetup-gfx-thread-allocator-block-size=16777216"
    "memorysetup-cache-allocator-block-size=4194304"
    "memorysetup-typetree-allocator-block-size=2097152"
    "memorysetup-profiler-bucket-allocator-granularity=16"
    "memorysetup-profiler-bucket-allocator-bucket-count=8"
    "memorysetup-profiler-bucket-allocator-block-size=33554432"
    "memorysetup-profiler-bucket-allocator-block-count=8"
    "memorysetup-profiler-allocator-block-size=16777216"
    "memorysetup-profiler-editor-allocator-block-size=1048576"
    "memorysetup-temp-allocator-size-main=16777216"
    "memorysetup-job-temp-allocator-block-size=2097152"
    "memorysetup-job-temp-allocator-block-size-background=1048576"
    "memorysetup-job-temp-allocator-reduction-small-platforms=262144"
    "memorysetup-temp-allocator-size-background-worker=32768"
    "memorysetup-temp-allocator-size-job-worker=262144"
    "memorysetup-temp-allocator-size-preload-manager=33554432"
    "memorysetup-temp-allocator-size-nav-mesh-worker=65536"
    "memorysetup-temp-allocator-size-audio-worker=65536"
    "memorysetup-temp-allocator-size-cloud-worker=32768"
    "memorysetup-temp-allocator-size-gi-baking-worker=262144"
    "memorysetup-temp-allocator-size-gfx=262144"
Player connection [60512] Host "[IP] 192.168.0.185 [Port] 0 [Flags] 2 [Guid] 2971168701 [EditorId] 2971168701 [Version] 1048832 [Id] WindowsEditor(7,LAPTOP-Q0P6JVGT) [Debug] 1 [PackageName] WindowsEditor [ProjectName] Editor" joined multi-casting on [225.0.0.222:54997]...

Player connection [60512] Host "[IP] 192.168.0.185 [Port] 0 [Flags] 2 [Guid] 2971168701 [EditorId] 2971168701 [Version] 1048832 [Id] WindowsEditor(7,LAPTOP-Q0P6JVGT) [Debug] 1 [PackageName] WindowsEditor [ProjectName] Editor" joined alternative multi-casting on [225.0.0.222:34997]...

Refreshing native plugins compatible for Editor in 21.88 ms, found 2 plugins.
Preloading 0 native plugins for Editor in 0.00 ms.
Initialize engine version: 2021.3.28f1 (232e59c3f087)
[Subsystems] Discovering subsystems at path C:/Program Files/Unity/Hub/Editor/2021.3.28f1/Editor/Data/Resources/UnitySubsystems
[Subsystems] Discovering subsystems at path C:/Users/smirz/Documents/GitHub/cm2-unity1-module2-template/Assets
GfxDevice: creating device client; threaded=0; jobified=0
Direct3D:
    Version:  Direct3D 11.0 [level 11.1]
    Renderer: NVIDIA GeForce RTX 3060 Laptop GPU (ID=0x2520)
    Vendor:   NVIDIA
    VRAM:     6010 MB
    Driver:   31.0.15.4633
Initialize mono
Mono path[0] = 'C:/Program Files/Unity/Hub/Editor/2021.3.28f1/Editor/Data/Managed'
Mono path[1] = 'C:/Program Files/Unity/Hub/Editor/2021.3.28f1/Editor/Data/MonoBleedingEdge/lib/mono/unityjit-win32'
Mono config path = 'C:/Program Files/Unity/Hub/Editor/2021.3.28f1/Editor/Data/MonoBleedingEdge/etc'
Using monoOptions --debugger-agent=transport=dt_socket,embedding=1,server=y,suspend=n,address=127.0.0.1:56104
Begin MonoManager ReloadAssembly
Registering precompiled unity dll's ...
Register platform support module: C:/Program Files/Unity/Hub/Editor/2021.3.28f1/Editor/Data/PlaybackEngines/WebGLSupport/UnityEditor.WebGL.Extensions.dll
Register platform support module: C:/Program Files/Unity/Hub/Editor/2021.3.28f1/Editor/Data/PlaybackEngines/WindowsStandaloneSupport/UnityEditor.WindowsStandalone.Extensions.dll
Registered in 0.021510 seconds.
Native extension for WindowsStandalone target not found
Native extension for WebGL target not found
Refreshing native plugins compatible for Editor in 26.39 ms, found 2 plugins.
Preloading 0 native plugins for Editor in 0.00 ms.
Mono: successfully reloaded assembly
- Completed reload, in  0.708 seconds
Domain Reload Profiling:
	ReloadAssembly (709ms)
		BeginReloadAssembly (110ms)
			ExecutionOrderSort (0ms)
			DisableScriptedObjects (0ms)
			BackupInstance (0ms)
			ReleaseScriptingObjects (0ms)
			CreateAndSetChildDomain (1ms)
		EndReloadAssembly (474ms)
			LoadAssemblies (105ms)
			RebuildTransferFunctionScriptingTraits (0ms)
			SetupTypeCache (133ms)
			ReleaseScriptCaches (0ms)
			RebuildScriptCaches (31ms)
			SetupLoadedEditorAssemblies (238ms)
				LogAssemblyErrors (0ms)
				InitializePlatformSupportModulesInManaged (19ms)
				SetLoadedEditorAssemblies (0ms)
				RefreshPlugins (26ms)
				BeforeProcessingInitializeOnLoad (2ms)
				ProcessInitializeOnLoadAttributes (145ms)
				ProcessInitializeOnLoadMethodAttributes (46ms)
				AfterProcessingInitializeOnLoad (0ms)
				EditorAssembliesLoaded (0ms)
			ExecutionOrderSort2 (0ms)
			AwakeInstancesAfterBackupRestoration (0ms)
Platform modules already initialized, skipping
Registering precompiled user dll's ...
Registered in 0.006231 seconds.
Begin MonoManager ReloadAssembly
Native extension for WindowsStandalone target not found
Native extension for WebGL target not found
Refreshing native plugins compatible for Editor in 0.34 ms, found 2 plugins.
Preloading 0 native plugins for Editor in 0.00 ms.
Mono: successfully reloaded assembly
- Completed reload, in  0.993 seconds
Domain Reload Profiling:
	ReloadAssembly (994ms)
		BeginReloadAssembly (172ms)
			ExecutionOrderSort (0ms)
			DisableScriptedObjects (6ms)
			BackupInstance (0ms)
			ReleaseScriptingObjects (0ms)
			CreateAndSetChildDomain (20ms)
		EndReloadAssembly (692ms)
			LoadAssemblies (130ms)
			RebuildTransferFunctionScriptingTraits (0ms)
			SetupTypeCache (178ms)
			ReleaseScriptCaches (0ms)
			RebuildScriptCaches (39ms)
			SetupLoadedEditorAssemblies (343ms)
				LogAssemblyErrors (0ms)
				InitializePlatformSupportModulesInManaged (14ms)
				SetLoadedEditorAssemblies (0ms)
				RefreshPlugins (0ms)
				BeforeProcessingInitializeOnLoad (81ms)
				ProcessInitializeOnLoadAttributes (203ms)
				ProcessInitializeOnLoadMethodAttributes (20ms)
				AfterProcessingInitializeOnLoad (24ms)
				EditorAssembliesLoaded (0ms)
			ExecutionOrderSort2 (0ms)
			AwakeInstancesAfterBackupRestoration (6ms)
Platform modules already initialized, skipping
========================================================================
Worker process is ready to serve import requests
Launched and connected shader compiler UnityShaderCompiler.exe after 0.06 seconds
Refreshing native plugins compatible for Editor in 0.48 ms, found 2 plugins.
Preloading 0 native plugins for Editor in 0.00 ms.
Unloading 1370 Unused Serialized files (Serialized files now loaded: 0)
Unloading 16 unused Assets / (46.4 KB). Loaded Objects now: 1838.
Memory consumption went from 64.9 MB to 64.8 MB.
Total: 2.962300 ms (FindLiveObjects: 0.122500 ms CreateObjectMapping: 0.044100 ms MarkObjects: 2.723200 ms  DeleteObjects: 0.071700 ms)

AssetImportParameters requested are different than current active one (requested -> active):
  custom:video-decoder-ogg-theora: a1e56fd34408186e4bbccfd4996cb3dc -> 
  custom:container-muxer-webm: aa71ff27fc2769a1b78a27578f13a17b -> 
  custom:container-demuxer-webm: 4f35f7cbe854078d1ac9338744f61a02 -> 
  custom:video-encoder-webm-vp8: eb34c28f22e8b96e1ab97ce403110664 -> 
  custom:video-codec-MediaFoundation-h265: 746d11721c4dcdbdad8f713fa42b33f4 -> 
  custom:audio-encoder-webm-vorbis: bf7c407c2cedff20999df2af8eb42d56 -> 
  custom:framework-win-MediaFoundation: 216162199b28c13a410421893ffa2e32 -> 
  custom:container-demuxer-ogg: 62fdf1f143b41e24485cea50d1cbac27 -> 
  custom:video-decoder-webm-vp8: 9c59270c3fd7afecdb556c50c9e8de78 -> 
  custom:audio-decoder-ogg-vorbis: bf7c407c2cedff20999df2af8eb42d56 -> 
========================================================================
Received Import Request.
  Time since last request: 220671.760319 seconds.
  path: Assets/Scenes/Lesson 2-1.unity
  artifactKey: Guid(68e018779e01143b6b93256b0fd106f0) Importer(815301076,1909f56bfc062723c751e8b465ee728b)
Start importing Assets/Scenes/Lesson 2-1.unity using Guid(68e018779e01143b6b93256b0fd106f0) Importer(815301076,1909f56bfc062723c751e8b465ee728b)  -> (artifact id: 'c720b734442a7336b7d3daf49dcad6de') in 0.013558 seconds 
========================================================================
Received Import Request.
  Time since last request: 0.000023 seconds.
  path: Assets/Scenes
  artifactKey: Guid(539bad8604f2648a0ac306cdd2fee2db) Importer(815301076,1909f56bfc062723c751e8b465ee728b)
Start importing Assets/Scenes using Guid(539bad8604f2648a0ac306cdd2fee2db) Importer(815301076,1909f56bfc062723c751e8b465ee728b)  -> (artifact id: 'e8ccae4e0ad070c02689d24097c18220') in 0.011464 seconds 
========================================================================
Received Prepare
Refreshing native plugins compatible for Editor in 3.70 ms, found 2 plugins.
Preloading 0 native plugins for Editor in 0.00 ms.
Unloading 9 Unused Serialized files (Serialized files now loaded: 0)
Unloading 9 unused Assets / (19.7 KB). Loaded Objects now: 1838.
Memory consumption went from 36.0 MB to 36.0 MB.
Total: 2.605800 ms (FindLiveObjects: 0.142900 ms CreateObjectMapping: 0.030400 ms MarkObjects: 2.414600 ms  DeleteObjects: 0.017300 ms)

AssetImportParameters requested are different than current active one (requested -> active):
  custom:video-decoder-ogg-theora: a1e56fd34408186e4bbccfd4996cb3dc -> 
  custom:container-muxer-webm: aa71ff27fc2769a1b78a27578f13a17b -> 
  custom:container-demuxer-webm: 4f35f7cbe854078d1ac9338744f61a02 -> 
  custom:video-encoder-webm-vp8: eb34c28f22e8b96e1ab97ce403110664 -> 
  custom:video-codec-MediaFoundation-h265: 746d11721c4dcdbdad8f713fa42b33f4 -> 
  custom:CustomObjectIndexerAttribute: bc11b3a6c3213fcdd17b65e7da85e133 -> 
  custom:audio-encoder-webm-vorbis: bf7c407c2cedff20999df2af8eb42d56 -> 
  custom:framework-win-MediaFoundation: 216162199b28c13a410421893ffa2e32 -> 
  custom:container-demuxer-ogg: 62fdf1f143b41e24485cea50d1cbac27 -> 
  custom:video-decoder-webm-vp8: 9c59270c3fd7afecdb556c50c9e8de78 -> 
  custom:audio-decoder-ogg-vorbis: bf7c407c2cedff20999df2af8eb42d56 -> 
========================================================================
Received Import Request.
  Time since last request: 849.860152 seconds.
  path: Assets/Scenes/New Lighting Settings.lighting
  artifactKey: Guid(68d407450f15ba8429a31b73a7280471) Importer(815301076,1909f56bfc062723c751e8b465ee728b)
Start importing Assets/Scenes/New Lighting Settings.lighting using Guid(68d407450f15ba8429a31b73a7280471) Importer(815301076,1909f56bfc062723c751e8b465ee728b)  -> (artifact id: '4a923554bfe721cf56094448a89d5c9f') in 0.040043 seconds 
========================================================================
Received Import Request.
  Time since last request: 637.004575 seconds.
  path: Assets/Materials/Textures/3crates/crate0/crate0_bump.png
  artifactKey: Guid(f3f2937d62fec45b19e4c0abad86ea49) Importer(815301076,1909f56bfc062723c751e8b465ee728b)
Start importing Assets/Materials/Textures/3crates/crate0/crate0_bump.png using Guid(f3f2937d62fec45b19e4c0abad86ea49) Importer(815301076,1909f56bfc062723c751e8b465ee728b)  -> (artifact id: '4f142637f3bb7e76f0b51d87192cfdf9') in 0.052025 seconds 
========================================================================
Received Import Request.
  Time since last request: 0.000028 seconds.
  path: Assets/Materials/Textures/3crates/crate1/crate1_diffuse.png
  artifactKey: Guid(189627da3b5434393a8f832422b6b549) Importer(815301076,1909f56bfc062723c751e8b465ee728b)
Start importing Assets/Materials/Textures/3crates/crate1/crate1_diffuse.png using Guid(189627da3b5434393a8f832422b6b549) Importer(815301076,1909f56bfc062723c751e8b465ee728b)  -> (artifact id: 'a04b0d6e0b339077117f6e140e7fc8fb') in 0.012917 seconds 
========================================================================
Received Import Request.
  Time since last request: 0.000025 seconds.
  path: Assets/Materials/Textures/3crates/crate1/crate1_bump.png
  artifactKey: Guid(643600df7d88145b8b5fab35b80a7a33) Importer(815301076,1909f56bfc062723c751e8b465ee728b)
Start importing Assets/Materials/Textures/3crates/crate1/crate1_bump.png using Guid(643600df7d88145b8b5fab35b80a7a33) Importer(815301076,1909f56bfc062723c751e8b465ee728b)  -> (artifact id: '0c466f8e117946cf53ced47b5a464f75') in 0.011321 seconds 
========================================================================
Received Import Request.
  Time since last request: 0.000031 seconds.
  path: Assets/Materials/Textures/3crates/crate0/crate0_normal.png
  artifactKey: Guid(373063ad1c74a4df98417b37987018c5) Importer(815301076,1909f56bfc062723c751e8b465ee728b)
Start importing Assets/Materials/Textures/3crates/crate0/crate0_normal.png using Guid(373063ad1c74a4df98417b37987018c5) Importer(815301076,1909f56bfc062723c751e8b465ee728b)  -> (artifact id: '249348fc58a1aa03a137cbb3fe2f3b23') in 0.050856 seconds 
========================================================================
Received Import Request.
  Time since last request: 2.298396 seconds.
  path: Assets/Materials/Textures/3crates/crate2/crate2_bump.png
  artifactKey: Guid(77006b514f4014802a6b337a93ff8b22) Importer(815301076,1909f56bfc062723c751e8b465ee728b)
Start importing Assets/Materials/Textures/3crates/crate2/crate2_bump.png using Guid(77006b514f4014802a6b337a93ff8b22) Importer(815301076,1909f56bfc062723c751e8b465ee728b)  -> (artifact id: 'aa0bf37cd2c37151ebb5954d2d9e6355') in 0.012893 seconds 
========================================================================
Received Import Request.
  Time since last request: 0.448184 seconds.
  path: Assets/TextMesh Pro/Sprites/EmojiOne.png
  artifactKey: Guid(dffef66376be4fa480fb02b19edbe903) Importer(815301076,1909f56bfc062723c751e8b465ee728b)
Start importing Assets/TextMesh Pro/Sprites/EmojiOne.png using Guid(dffef66376be4fa480fb02b19edbe903) Importer(815301076,1909f56bfc062723c751e8b465ee728b)  -> (artifact id: '5354812778336f1774f0432a4948b364') in 0.014244 seconds 
========================================================================
Received Import Request.
  Time since last request: 1.338172 seconds.
  path: Assets/Standard Assets/Characters/ThirdPersonCharacter/Textures/EthanOcclusion.png
  artifactKey: Guid(4e2f32e9a1fefc24092337ae061f3dbc) Importer(815301076,1909f56bfc062723c751e8b465ee728b)
Start importing Assets/Standard Assets/Characters/ThirdPersonCharacter/Textures/EthanOcclusion.png using Guid(4e2f32e9a1fefc24092337ae061f3dbc) Importer(815301076,1909f56bfc062723c751e8b465ee728b)  -> (artifact id: 'ff12e8444eaf1e5fa09f97fc7c009355') in 0.027476 seconds 
========================================================================
Received Import Request.
  Time since last request: 0.359427 seconds.
  path: Assets/Materials/Textures/FloorTile/FloorTileDiffuse.png
  artifactKey: Guid(73bc6c9863b614043832693114d4546e) Importer(815301076,1909f56bfc062723c751e8b465ee728b)
Start importing Assets/Materials/Textures/FloorTile/FloorTileDiffuse.png using Guid(73bc6c9863b614043832693114d4546e) Importer(815301076,1909f56bfc062723c751e8b465ee728b)  -> (artifact id: '012ab05d95c39cd08e24a27748d6bc76') in 0.013939 seconds 
========================================================================
Received Import Request.
  Time since last request: 0.054888 seconds.
  path: Assets/Materials/Textures/FloorTile/FloorTileSpecular.png
  artifactKey: Guid(aa832a5c75c774bb0ad229efb7c281c8) Importer(815301076,1909f56bfc062723c751e8b465ee728b)
Start importing Assets/Materials/Textures/FloorTile/FloorTileSpecular.png using Guid(aa832a5c75c774bb0ad229efb7c281c8) Importer(815301076,1909f56bfc062723c751e8b465ee728b)  -> (artifact id: '522303c778dd621053c39fa0969ff31c') in 0.012326 seconds 
========================================================================
Received Import Request.
  Time since last request: 526.360933 seconds.
  path: Assets/Materials/Textures/RustyMetalPattern/Rusty_Metal_basecolor.png
  artifactKey: Guid(bcef91030b2d9411eb09418499786421) Importer(815301076,1909f56bfc062723c751e8b465ee728b)
Start importing Assets/Materials/Textures/RustyMetalPattern/Rusty_Metal_basecolor.png using Guid(bcef91030b2d9411eb09418499786421) Importer(815301076,1909f56bfc062723c751e8b465ee728b)  -> (artifact id: '105d380cff6fc17514659dcd4ce08ae3') in 0.016425 seconds 
========================================================================
Received Import Request.
  Time since last request: 0.000016 seconds.
  path: Assets/Materials/Textures/RustyMetalPattern/Rusty_Metal_roughness.png
  artifactKey: Guid(3ef4ebf7089a74b51b16919e083c389e) Importer(815301076,1909f56bfc062723c751e8b465ee728b)
Start importing Assets/Materials/Textures/RustyMetalPattern/Rusty_Metal_roughness.png using Guid(3ef4ebf7089a74b51b16919e083c389e) Importer(815301076,1909f56bfc062723c751e8b465ee728b)  -> (artifact id: 'b64c24a4767d03e6f461bc33ef3bb8d7') in 0.017792 seconds 
========================================================================
Received Import Request.
  Time since last request: 0.000018 seconds.
  path: Assets/Materials/Textures/RustyMetalPattern/Rusty_Metal_normal.png
  artifactKey: Guid(74f9ab863a33747a5b515bc219d0a870) Importer(815301076,1909f56bfc062723c751e8b465ee728b)
Start importing Assets/Materials/Textures/RustyMetalPattern/Rusty_Metal_normal.png using Guid(74f9ab863a33747a5b515bc219d0a870) Importer(815301076,1909f56bfc062723c751e8b465ee728b)  -> (artifact id: 'f927e5ce7af00c3837ca7b40a13b5afc') in 0.021209 seconds 
========================================================================
Received Import Request.
  Time since last request: 89.493727 seconds.
  path: Assets/Materials/Textures/Wall
  artifactKey: Guid(87b0ae5244bcb4c8facf6c6fc3045796) Importer(815301076,1909f56bfc062723c751e8b465ee728b)
Start importing Assets/Materials/Textures/Wall using Guid(87b0ae5244bcb4c8facf6c6fc3045796) Importer(815301076,1909f56bfc062723c751e8b465ee728b)  -> (artifact id: 'f5e989598db9f136ac3866596794c59e') in 0.007760 seconds 
========================================================================
Received Import Request.
  Time since last request: 0.073411 seconds.
  path: Assets/Materials/Textures/Wall/WallAmbientOcclusion.png
  artifactKey: Guid(7a7f998cb69334b2b8d6904b34cbac00) Importer(815301076,1909f56bfc062723c751e8b465ee728b)
Start importing Assets/Materials/Textures/Wall/WallAmbientOcclusion.png using Guid(7a7f998cb69334b2b8d6904b34cbac00) Importer(815301076,1909f56bfc062723c751e8b465ee728b)  -> (artifact id: 'edf7f05c28afcd52d1289b8e78fec319') in 0.012357 seconds 
========================================================================
Received Import Request.
  Time since last request: 0.000016 seconds.
  path: Assets/Materials/Textures/Wall/WallSpecular.png
  artifactKey: Guid(468272f06f290445397667121d72ad10) Importer(815301076,1909f56bfc062723c751e8b465ee728b)
Start importing Assets/Materials/Textures/Wall/WallSpecular.png using Guid(468272f06f290445397667121d72ad10) Importer(815301076,1909f56bfc062723c751e8b465ee728b)  -> (artifact id: '2f608e8e8ae52e6692b3f1be4560fbb9') in 0.013025 seconds 
========================================================================
Received Import Request.
  Time since last request: 0.000016 seconds.
  path: Assets/Materials/Textures/Wall/WallNormal.png
  artifactKey: Guid(b7846c59f9ba549d0b074176106c94b0) Importer(815301076,1909f56bfc062723c751e8b465ee728b)
Start importing Assets/Materials/Textures/Wall/WallNormal.png using Guid(b7846c59f9ba549d0b074176106c94b0) Importer(815301076,1909f56bfc062723c751e8b465ee728b)  -> (artifact id: '28a3a80ff04964a193e38fbf8577bfc5') in 0.014108 seconds 
========================================================================
Received Import Request.
  Time since last request: 16.960319 seconds.
  path: Assets/Materials/Textures/Wall/wall material.mat
  artifactKey: Guid(3aab6712042aba34fa2ac8acac0b1ff8) Importer(815301076,1909f56bfc062723c751e8b465ee728b)
Start importing Assets/Materials/Textures/Wall/wall material.mat using Guid(3aab6712042aba34fa2ac8acac0b1ff8) Importer(815301076,1909f56bfc062723c751e8b465ee728b)  -> (artifact id: '718f9866ad72f7fb24d0982fc56ff790') in 0.217188 seconds 
========================================================================
Received Import Request.
  Time since last request: 98.616665 seconds.
  path: Assets/Materials/Textures/Wood
  artifactKey: Guid(9caa19662f8bb4238b7e24594cd43560) Importer(815301076,1909f56bfc062723c751e8b465ee728b)
Start importing Assets/Materials/Textures/Wood using Guid(9caa19662f8bb4238b7e24594cd43560) Importer(815301076,1909f56bfc062723c751e8b465ee728b)  -> (artifact id: '96e0c9d56069e5dd4046759269b66d93') in 0.007984 seconds 
========================================================================
Received Import Request.
  Time since last request: 0.647098 seconds.
  path: Assets/Materials/Textures/RustyMetalPattern
  artifactKey: Guid(4b5389092d33d45fdb89e802346b8e59) Importer(815301076,1909f56bfc062723c751e8b465ee728b)
Start importing Assets/Materials/Textures/RustyMetalPattern using Guid(4b5389092d33d45fdb89e802346b8e59) Importer(815301076,1909f56bfc062723c751e8b465ee728b)  -> (artifact id: '975f61b79bbba17cdf41831d9f07e2a1') in 0.008100 seconds 
========================================================================
Received Import Request.
  Time since last request: 149.774657 seconds.
  path: Assets/Materials/Textures/Wood/wood1.png
  artifactKey: Guid(fbe07c8be22a34f5fb82b522417c11b0) Importer(815301076,1909f56bfc062723c751e8b465ee728b)
Start importing Assets/Materials/Textures/Wood/wood1.png using Guid(fbe07c8be22a34f5fb82b522417c11b0) Importer(815301076,1909f56bfc062723c751e8b465ee728b)  -> (artifact id: 'a34cf54079451f3ee932363c0da1a951') in 0.011724 seconds 
========================================================================
Received Import Request.
  Time since last request: 0.439547 seconds.
  path: Assets/Materials/Textures/Wood/wood3.png
  artifactKey: Guid(51b12d428569e4583acb6690dbdbfb1c) Importer(815301076,1909f56bfc062723c751e8b465ee728b)
Start importing Assets/Materials/Textures/Wood/wood3.png using Guid(51b12d428569e4583acb6690dbdbfb1c) Importer(815301076,1909f56bfc062723c751e8b465ee728b)  -> (artifact id: '3559f3f9912f0b22014e56755cfaec3b') in 0.011159 seconds 
========================================================================
Received Import Request.
  Time since last request: 0.398557 seconds.
  path: Assets/Materials/Textures/Wood/wood4.png
  artifactKey: Guid(78794742296d64a2aa0dddaa1ef16980) Importer(815301076,1909f56bfc062723c751e8b465ee728b)
Start importing Assets/Materials/Textures/Wood/wood4.png using Guid(78794742296d64a2aa0dddaa1ef16980) Importer(815301076,1909f56bfc062723c751e8b465ee728b)  -> (artifact id: 'd76fb2c5fc62c082444ebab120bb5aa2') in 0.011404 seconds 
========================================================================
Received Import Request.
  Time since last request: 5.734830 seconds.
  path: Assets/Materials/Textures/FloorTile
  artifactKey: Guid(cca40187d78044140bb5b63cd426eda5) Importer(815301076,1909f56bfc062723c751e8b465ee728b)
Start importing Assets/Materials/Textures/FloorTile using Guid(cca40187d78044140bb5b63cd426eda5) Importer(815301076,1909f56bfc062723c751e8b465ee728b)  -> (artifact id: '6d9de7fa1bd03e502898053cd54abcf8') in 0.007640 seconds 
========================================================================
Received Import Request.
  Time since last request: 339.838975 seconds.
  path: Assets/Materials/Textures/3crates
  artifactKey: Guid(36d0ec24f65734af6bdf06ea54e1a8f6) Importer(815301076,1909f56bfc062723c751e8b465ee728b)
Start importing Assets/Materials/Textures/3crates using Guid(36d0ec24f65734af6bdf06ea54e1a8f6) Importer(815301076,1909f56bfc062723c751e8b465ee728b)  -> (artifact id: '08b24319835518c44af33f5381f90267') in 0.008205 seconds 
========================================================================
Received Import Request.
  Time since last request: 0.821663 seconds.
  path: Assets/Materials/Textures/3crates/crate0
  artifactKey: Guid(29027f6eba0134968bfaac19fe0b4c4a) Importer(815301076,1909f56bfc062723c751e8b465ee728b)
Start importing Assets/Materials/Textures/3crates/crate0 using Guid(29027f6eba0134968bfaac19fe0b4c4a) Importer(815301076,1909f56bfc062723c751e8b465ee728b)  -> (artifact id: 'efd94059b68645659a6f7863d613cce0') in 0.008233 seconds 
========================================================================
Received Import Request.
  Time since last request: 5.546775 seconds.
  path: Assets/Materials/Textures/3crates/crate2
  artifactKey: Guid(0f41b343a93a94ed7b1384aea9ed4f98) Importer(815301076,1909f56bfc062723c751e8b465ee728b)
Start importing Assets/Materials/Textures/3crates/crate2 using Guid(0f41b343a93a94ed7b1384aea9ed4f98) Importer(815301076,1909f56bfc062723c751e8b465ee728b)  -> (artifact id: '187d7dd2996db117b54e6d4c46121e4c') in 0.009219 seconds 
========================================================================
Received Import Request.
  Time since last request: 4.878900 seconds.
  path: Assets/Materials/Textures
  artifactKey: Guid(8d1f7842a3a0f4e93a8129a44297be43) Importer(815301076,1909f56bfc062723c751e8b465ee728b)
Start importing Assets/Materials/Textures using Guid(8d1f7842a3a0f4e93a8129a44297be43) Importer(815301076,1909f56bfc062723c751e8b465ee728b)  -> (artifact id: '70227babe2588eb3f0569a5a3d12ecbe') in 0.007782 seconds 
========================================================================
Received Import Request.
  Time since last request: 43.436441 seconds.
  path: Assets/Materials
  artifactKey: Guid(a6119305e0f7f4dbc80aec658c6aa35d) Importer(815301076,1909f56bfc062723c751e8b465ee728b)
Start importing Assets/Materials using Guid(a6119305e0f7f4dbc80aec658c6aa35d) Importer(815301076,1909f56bfc062723c751e8b465ee728b)  -> (artifact id: '55cc1a3bc71f6762f3d940276be85a77') in 0.007930 seconds 
========================================================================
Received Import Request.
  Time since last request: 0.707850 seconds.
  path: Assets/Prefab
  artifactKey: Guid(c10014b2aa77a4d9e84b3dbc12c6bad9) Importer(815301076,1909f56bfc062723c751e8b465ee728b)
Start importing Assets/Prefab using Guid(c10014b2aa77a4d9e84b3dbc12c6bad9) Importer(815301076,1909f56bfc062723c751e8b465ee728b)  -> (artifact id: 'd1b390763d25459711dd1c54d06d68a5') in 0.007961 seconds 
